<?xml version="1.0" encoding="UTF-8"?>
<!-- Generated by org.testng.reporters.JUnitReportReporter -->
<testsuite skipped="0" hostname="JohnMohan" name="org.projectclass.ProjectClass2" tests="1" failures="0" timestamp="16 Dec 2020 13:41:48 GMT" time="26.075" errors="0">
  <testcase name="ecomerwebsitetesting" time="26.075" classname="org.projectclass.ProjectClass2"/>
</testsuite> <!-- org.projectclass.ProjectClass2 -->
