<?xml version="1.0" encoding="UTF-8"?>
<!-- Generated by org.testng.reporters.JUnitReportReporter -->
<testsuite skipped="0" hostname="JohnMohan" name="org.demotestng.DemoSampleTestNGProject" tests="2" failures="0" timestamp="04 Dec 2020 16:03:02 GMT" time="0.005" errors="0">
  <testcase name="test2" time="0.001" classname="org.demotestng.DemoSampleTestNGProject"/>
  <testcase name="test1" time="0.004" classname="org.demotestng.DemoSampleTestNGProject"/>
</testsuite> <!-- org.demotestng.DemoSampleTestNGProject -->
