<?xml version="1.0" encoding="UTF-8"?>
<!-- Generated by org.testng.reporters.JUnitReportReporter -->
<testsuite skipped="0" hostname="JohnMohan" name="org.testNg.LearnTestNgSuiteExamClass4" tests="3" failures="0" timestamp="12 Dec 2020 20:19:02 GMT" time="39.185" errors="0">
  <testcase name="opeanGoogle" time="2.469" classname="org.testNg.LearnTestNgSuiteExamClass4"/>
  <testcase name="openYahoo" time="33.116" classname="org.testNg.LearnTestNgSuiteExamClass4"/>
  <testcase name="openBing" time="3.600" classname="org.testNg.LearnTestNgSuiteExamClass4"/>
</testsuite> <!-- org.testNg.LearnTestNgSuiteExamClass4 -->
