<?xml version="1.0" encoding="UTF-8"?>
<!-- Generated by org.testng.reporters.JUnitReportReporter -->
<testsuite skipped="0" hostname="JohnMohan" name="org.demotestng.HostelBookingUsingTestngParameter" tests="1" failures="0" timestamp="04 Dec 2020 23:17:03 GMT" time="7.005" errors="0">
  <testcase name="Tc1" time="7.005" classname="org.demotestng.HostelBookingUsingTestngParameter"/>
</testsuite> <!-- org.demotestng.HostelBookingUsingTestngParameter -->
