<?xml version="1.0" encoding="UTF-8"?>
<!-- Generated by org.testng.reporters.JUnitReportReporter -->
<testsuite skipped="0" hostname="JohnMohan" name="org.testNg.LearnTestNgPriorityClass2" tests="1" failures="0" timestamp="12 Dec 2020 20:56:33 GMT" time="0.000" errors="0">
  <testcase name="startCar" time="0.000" classname="org.testNg.LearnTestNgPriorityClass2"/>
</testsuite> <!-- org.testNg.LearnTestNgPriorityClass2 -->
