<?xml version="1.0" encoding="UTF-8"?>
<!-- Generated by org.testng.reporters.JUnitReportReporter -->
<testsuite skipped="0" hostname="JohnMohan" name="org.projectclass.ProjectClassSample2" tests="1" failures="0" timestamp="16 Dec 2020 07:38:32 GMT" time="21.177" errors="0">
  <testcase name="ecomerwebsitetesting" time="21.177" classname="org.projectclass.ProjectClassSample2"/>
</testsuite> <!-- org.projectclass.ProjectClassSample2 -->
