<?xml version="1.0" encoding="UTF-8"?>
<!-- Generated by org.testng.reporters.JUnitReportReporter -->
<testsuite skipped="0" hostname="JohnMohan" name="org.testNg.LearnTestNgDepandanciesManagementClass4" tests="3" failures="0" timestamp="12 Dec 2020 20:56:33 GMT" time="0.003" errors="0">
  <testcase name="highersecschool" time="0.001" classname="org.testNg.LearnTestNgDepandanciesManagementClass4"/>
  <testcase name="engineering" time="0.001" classname="org.testNg.LearnTestNgDepandanciesManagementClass4"/>
  <testcase name="highschool" time="0.001" classname="org.testNg.LearnTestNgDepandanciesManagementClass4"/>
</testsuite> <!-- org.testNg.LearnTestNgDepandanciesManagementClass4 -->
