<?xml version="1.0" encoding="UTF-8"?>
<!-- Generated by org.testng.reporters.JUnitReportReporter -->
<testsuite skipped="0" hostname="JohnMohan" name="org.testNg.LearnTestingClass1" tests="6" failures="0" timestamp="12 Dec 2020 20:56:33 GMT" time="0.014" errors="0">
  <testcase name="ThirdTeastCase" time="0.009" classname="org.testNg.LearnTestingClass1"/>
  <testcase name="secondTeastCase" time="0.001" classname="org.testNg.LearnTestingClass1"/>
  <testcase name="sixTeastCase" time="0.000" classname="org.testNg.LearnTestingClass1"/>
  <testcase name="firstTeastCase" time="0.002" classname="org.testNg.LearnTestingClass1"/>
  <testcase name="fiveTeastCase" time="0.001" classname="org.testNg.LearnTestingClass1"/>
  <testcase name="fouthTeastCase" time="0.001" classname="org.testNg.LearnTestingClass1"/>
</testsuite> <!-- org.testNg.LearnTestingClass1 -->
