<?xml version="1.0" encoding="UTF-8"?>
<!-- Generated by org.testng.reporters.JUnitReportReporter -->
<testsuite skipped="0" hostname="JohnMohan" name="org.testNg.LearnTestNgSkipTestCaseClass3" tests="1" failures="0" timestamp="12 Dec 2020 20:56:33 GMT" time="0.001" errors="0">
  <testcase name="StartCar" time="0.001" classname="org.testNg.LearnTestNgSkipTestCaseClass3"/>
</testsuite> <!-- org.testNg.LearnTestNgSkipTestCaseClass3 -->
